<?xml version="1.0" encoding="UTF-8"?>
<!-- Generated by org.testng.reporters.JUnitXMLReporter -->
<testsuite ignored="0" hostname="DESKTOP-BQHHH7G" failures="0" tests="2" name="Default test" time="109.893" errors="0" timestamp="2023-12-23T14:41:29 IST">
  <testcase classname="shoppersstack.testscripts.DataProvidersDemo1Test" name="loginTest1" time="66.144"/>
  <testcase classname="shoppersstack.testscripts.DataProvidersDemo1Test" name="loginTest1" time="42.731"/>
</testsuite> <!-- Default test -->
